<?xml version="1.0" encoding="UTF-8"?>
<!-- Generated by org.testng.reporters.JUnitReportReporter -->
<testsuite hostname="DESKTOP-SI05A67" failures="0" tests="26" name="web.automation.tests.WishListTests" time="231.401" errors="1" timestamp="2025-07-31T18:32:22 IST" skipped="4">
  <testcase classname="web.automation.tests.WishListTests" name="verifyAddingAProductToWishListPageFromTheProductThatIsDisplayedInTheRelatedProductsSectionOfProductDisplayPage" time="10.362"/>
  <testcase classname="web.automation.tests.WishListTests" name="verifyAddingAProductToWishListPageFromTheProductThatIsDisplayedInTheRelatedProductsSectionOfProductDisplayPage" time="11.696"/>
  <testcase classname="web.automation.tests.WishListTests" name="VerifyAddingAProductToWishListPageFromTheProductThatIsDisplayedInTheFeaturedSectionOfHomePage" time="9.468"/>
  <testcase classname="web.automation.tests.WishListTests" name="VerifyAddingAProductToWishListPageFromTheProductThatIsDisplayedInTheFeaturedSectionOfHomePage" time="13.673"/>
  <testcase classname="web.automation.tests.WishListTests" name="VerifyAddingTheProductToWishListFromTheProductsDisplayedInTheCategoryOrSubCategoryPage" time="10.378"/>
  <testcase classname="web.automation.tests.WishListTests" name="VerifyAddingTheProductToWishListFromTheProductsDisplayedInTheCategoryOrSubCategoryPage" time="13.653"/>
  <testcase classname="web.automation.tests.WishListTests" name="verifyAddingAProductToWishListPageFromTheSearchResultsPage" time="9.244"/>
  <testcase classname="web.automation.tests.WishListTests" name="verifyAddingAProductToWishListPageFromTheSearchResultsPage" time="9.925"/>
  <testcase classname="web.automation.tests.WishListTests" name="verifyNavigatingToMyWishListPageUsingTheWishListHeaderOption" time="14.175">
    <error message="no such element: Unable to locate element: {&quot;method&quot;:&quot;xpath&quot;,&quot;selector&quot;:&quot;//div[@id=&#039;content&#039;]//tbody//td[2]&quot;}
  (Session info: MicrosoftEdge=138.0.3351.109)
For documentation on this error, please visit: https://www.selenium.dev/documentation/webdriver/troubleshooting/errors#no-such-element-exception
Build info: version: &#039;4.32.0&#039;, revision: &#039;d17c8aa950&#039;
System info: os.name: &#039;Windows 11&#039;, os.arch: &#039;amd64&#039;, os.version: &#039;10.0&#039;, java.version: &#039;18.0.2&#039;
Driver info: org.openqa.selenium.edge.EdgeDriver
Command: [a21f9001ece9a206194446c00740b62f, findElement {value=//div[@id=&#039;content&#039;]//tbody//td[2], using=xpath}]
Capabilities {acceptInsecureCerts: false, browserName: MicrosoftEdge, browserVersion: 138.0.3351.109, fedcm:accounts: true, ms:edgeOptions: {debuggerAddress: localhost:52980}, msedge: {msedgedriverVersion: 138.0.3351.83 (16e2a7bef320..., userDataDir: C:\Users\VICKY\AppData\Loca...}, networkConnectionEnabled: false, pageLoadStrategy: normal, platformName: windows, proxy: Proxy(), se:cdp: ws://localhost:52980/devtoo..., se:cdpVersion: 138.0.3351.109, setWindowRect: true, strictFileInteractability: false, timeouts: {implicit: 0, pageLoad: 300000, script: 30000}, unhandledPromptBehavior: dismiss and notify, webauthn:extension:credBlob: true, webauthn:extension:largeBlob: true, webauthn:extension:minPinLength: true, webauthn:extension:prf: true, webauthn:virtualAuthenticators: true}
Session ID: a21f9001ece9a206194446c00740b62f" type="org.openqa.selenium.NoSuchElementException">
      <![CDATA[org.openqa.selenium.NoSuchElementException: no such element: Unable to locate element: {"method":"xpath","selector":"//div[@id='content']//tbody//td[2]"}
  (Session info: MicrosoftEdge=138.0.3351.109)
For documentation on this error, please visit: https://www.selenium.dev/documentation/webdriver/troubleshooting/errors#no-such-element-exception
Build info: version: '4.32.0', revision: 'd17c8aa950'
System info: os.name: 'Windows 11', os.arch: 'amd64', os.version: '10.0', java.version: '18.0.2'
Driver info: org.openqa.selenium.edge.EdgeDriver
Command: [a21f9001ece9a206194446c00740b62f, findElement {value=//div[@id='content']//tbody//td[2], using=xpath}]
Capabilities {acceptInsecureCerts: false, browserName: MicrosoftEdge, browserVersion: 138.0.3351.109, fedcm:accounts: true, ms:edgeOptions: {debuggerAddress: localhost:52980}, msedge: {msedgedriverVersion: 138.0.3351.83 (16e2a7bef320..., userDataDir: C:\Users\VICKY\AppData\Loca...}, networkConnectionEnabled: false, pageLoadStrategy: normal, platformName: windows, proxy: Proxy(), se:cdp: ws://localhost:52980/devtoo..., se:cdpVersion: 138.0.3351.109, setWindowRect: true, strictFileInteractability: false, timeouts: {implicit: 0, pageLoad: 300000, script: 30000}, unhandledPromptBehavior: dismiss and notify, webauthn:extension:credBlob: true, webauthn:extension:largeBlob: true, webauthn:extension:minPinLength: true, webauthn:extension:prf: true, webauthn:virtualAuthenticators: true}
Session ID: a21f9001ece9a206194446c00740b62f
at java.base/jdk.internal.reflect.DirectConstructorHandleAccessor.newInstance(DirectConstructorHandleAccessor.java:67)
at java.base/java.lang.reflect.Constructor.newInstanceWithCaller(Constructor.java:499)
at java.base/java.lang.reflect.Constructor.newInstance(Constructor.java:483)
at org.openqa.selenium.remote.ErrorCodec.decode(ErrorCodec.java:167)
at org.openqa.selenium.remote.codec.w3c.W3CHttpResponseCodec.decode(W3CHttpResponseCodec.java:138)
at org.openqa.selenium.remote.codec.w3c.W3CHttpResponseCodec.decode(W3CHttpResponseCodec.java:50)
at org.openqa.selenium.remote.HttpCommandExecutor.execute(HttpCommandExecutor.java:215)
at org.openqa.selenium.remote.service.DriverCommandExecutor.invokeExecute(DriverCommandExecutor.java:216)
at org.openqa.selenium.remote.service.DriverCommandExecutor.execute(DriverCommandExecutor.java:174)
at org.openqa.selenium.remote.RemoteWebDriver.execute(RemoteWebDriver.java:545)
at org.openqa.selenium.remote.ElementLocation$ElementFinder$2.findElement(ElementLocation.java:165)
at org.openqa.selenium.remote.ElementLocation.findElement(ElementLocation.java:59)
at org.openqa.selenium.remote.RemoteWebDriver.findElement(RemoteWebDriver.java:368)
at org.openqa.selenium.remote.RemoteWebDriver.findElement(RemoteWebDriver.java:362)
at org.openqa.selenium.support.pagefactory.DefaultElementLocator.findElement(DefaultElementLocator.java:68)
at org.openqa.selenium.support.pagefactory.internal.LocatingElementHandler.invoke(LocatingElementHandler.java:38)
at jdk.proxy2/jdk.proxy2.$Proxy15.getText(Unknown Source)
at web.automation.tests.WishListTests.verifyNavigatingToMyWishListPageUsingTheWishListHeaderOption(WishListTests.java:164)
at java.base/jdk.internal.reflect.DirectMethodHandleAccessor.invoke(DirectMethodHandleAccessor.java:104)
at java.base/java.lang.reflect.Method.invoke(Method.java:577)
at org.testng.internal.invokers.MethodInvocationHelper.invokeMethod(MethodInvocationHelper.java:141)
at org.testng.internal.invokers.TestInvoker.invokeMethod(TestInvoker.java:686)
at org.testng.internal.invokers.TestInvoker.invokeTestMethod(TestInvoker.java:230)
at org.testng.internal.invokers.MethodRunner.runInSequence(MethodRunner.java:63)
at org.testng.internal.invokers.TestInvoker$MethodInvocationAgent.invoke(TestInvoker.java:992)
at org.testng.internal.invokers.TestInvoker.invokeTestMethods(TestInvoker.java:203)
at org.testng.internal.invokers.TestMethodWorker.invokeTestMethods(TestMethodWorker.java:154)
at org.testng.internal.invokers.TestMethodWorker.run(TestMethodWorker.java:134)
at java.base/java.util.ArrayList.forEach(ArrayList.java:1511)
at org.testng.TestRunner.privateRun(TestRunner.java:739)
at org.testng.TestRunner.run(TestRunner.java:614)
at org.testng.SuiteRunner.runTest(SuiteRunner.java:421)
at org.testng.SuiteRunner$SuiteWorker.run(SuiteRunner.java:463)
at org.testng.internal.thread.ThreadUtil.lambda$execute$0(ThreadUtil.java:64)
at java.base/java.util.concurrent.FutureTask.run(FutureTask.java:264)
at java.base/java.util.concurrent.ThreadPoolExecutor.runWorker(ThreadPoolExecutor.java:1136)
at java.base/java.util.concurrent.ThreadPoolExecutor$Worker.run(ThreadPoolExecutor.java:635)
at java.base/java.lang.Thread.run(Thread.java:833)
]]>
    </error>
  </testcase> <!-- verifyNavigatingToMyWishListPageUsingTheWishListHeaderOption -->
  <testcase classname="web.automation.tests.WishListTests" name="verifyNavigatingToMyWishListPageUsingTheWishListHeaderOption" time="9.740"/>
  <testcase classname="web.automation.tests.WishListTests" name="verifyNavigatingToMyWishListPageFromTheFooteroptions" time="9.617"/>
  <testcase classname="web.automation.tests.WishListTests" name="verifyNavigatingToMyWishListPageFromTheFooteroptions" time="10.269"/>
  <testcase classname="web.automation.tests.WishListTests" name="verifyTheMyWishListPageWhenThereAreNoProductsAdded" time="5.275"/>
  <testcase classname="web.automation.tests.WishListTests" name="verifyTheMyWishListPageWhenThereAreNoProductsAdded" time="4.025"/>
  <testcase classname="web.automation.tests.WishListTests" name="verifyTheMyWishListPageWhenOnlyOneProductIsAddedToIt" time="10.444"/>
  <testcase classname="web.automation.tests.WishListTests" name="verifyTheMyWishListPageWhenOnlyOneProductIsAddedToIt" time="10.267"/>
  <testcase classname="web.automation.tests.WishListTests" name="verifyTheRemovingTheProductFromMyWishListPage" time="9.675"/>
  <testcase classname="web.automation.tests.WishListTests" name="verifyTheRemovingTheProductFromMyWishListPage" time="9.995"/>
  <testcase classname="web.automation.tests.WishListTests" name="verifyAddingTheProductToCartFromTheMyWishListPage" time="10.015"/>
  <testcase classname="web.automation.tests.WishListTests" name="verifyAddingTheProductToCartFromTheMyWishListPage" time="9.759"/>
  <testcase classname="web.automation.tests.WishListTests" name="verifyAddingTheMultipleProductsToTheMyWishListPage" time="14.329"/>
  <testcase classname="web.automation.tests.WishListTests" name="verifyAddingTheMultipleProductsToTheMyWishListPage" time="15.417"/>
  <testcase classname="web.automation.tests.WishListTests" name="verifyNavigatingToMyWishListPageFromTheMyAccountPage">
    <skipped/>
  </testcase> <!-- verifyNavigatingToMyWishListPageFromTheMyAccountPage -->
  <testcase classname="web.automation.tests.WishListTests" name="verifyNavigatingToMyWishListPageUsingTheRightColumnHeaderOptions">
    <skipped/>
  </testcase> <!-- verifyNavigatingToMyWishListPageUsingTheRightColumnHeaderOptions -->
  <testcase classname="web.automation.tests.WishListTests" name="verifyNavigatingToMyWishListPageUsingTheRightColumnHeaderOptions">
    <skipped/>
  </testcase> <!-- verifyNavigatingToMyWishListPageUsingTheRightColumnHeaderOptions -->
  <testcase classname="web.automation.tests.WishListTests" name="verifyNavigatingToMyWishListPageFromTheMyAccountPage">
    <skipped/>
  </testcase> <!-- verifyNavigatingToMyWishListPageFromTheMyAccountPage -->
</testsuite> <!-- web.automation.tests.WishListTests -->
