<?xml version="1.0" encoding="UTF-8"?>
<!-- Generated by org.testng.reporters.JUnitReportReporter -->
<testsuite hostname="DESKTOP-SI05A67" failures="0" tests="1" name="web.automation.tests.LoginPageTests" time="4.019" errors="0" timestamp="2025-07-17T16:35:24 IST" skipped="0">
  <testcase classname="web.automation.tests.LoginPageTests" name="loginUserWithValidCredentials" time="4.019"/>
</testsuite> <!-- web.automation.tests.LoginPageTests -->
