<?xml version="1.0" encoding="UTF-8"?>
<!-- Generated by org.testng.reporters.JUnitReportReporter -->
<testsuite hostname="DESKTOP-SI05A67" failures="0" tests="1" name="web.automation.base.Base" time="0.015" errors="0" timestamp="2025-07-16T19:01:41 IST" skipped="0">
  <testcase classname="web.automation.base.Base" name="initiateDriver" time="0.015"/>
</testsuite> <!-- web.automation.base.Base -->
