<?xml version="1.0" encoding="UTF-8"?>
<!-- Generated by org.testng.reporters.JUnitReportReporter -->
<testsuite hostname="DESKTOP-SI05A67" failures="0" tests="2" name="web.automation.tests.LoginPageTests" time="8.153" errors="0" timestamp="2025-07-31T18:32:22 IST" skipped="0">
  <testcase classname="web.automation.tests.LoginPageTests" name="loginUserWithValidCredentials" time="4.322"/>
  <testcase classname="web.automation.tests.LoginPageTests" name="loginUserWithValidCredentials" time="3.831"/>
</testsuite> <!-- web.automation.tests.LoginPageTests -->
