<?xml version="1.0" encoding="UTF-8"?>
<!-- Generated by org.testng.reporters.JUnitReportReporter -->
<testsuite hostname="DESKTOP-SI05A67" failures="0" tests="2" name="web.automation.tests.LoginPageTests" time="8.863" errors="0" timestamp="2025-07-31T10:43:37 IST" skipped="0">
  <testcase classname="web.automation.tests.LoginPageTests" name="loginUserWithValidCredentials" time="3.745"/>
  <testcase classname="web.automation.tests.LoginPageTests" name="loginUserWithValidCredentials" time="5.118"/>
</testsuite> <!-- web.automation.tests.LoginPageTests -->
