<?xml version="1.0" encoding="UTF-8"?>
<!-- Generated by org.testng.reporters.JUnitReportReporter -->
<testsuite hostname="DESKTOP-SI05A67" failures="0" tests="1" name="web.automation.tests.LoginPageTests" time="5.139" errors="0" timestamp="2025-08-25T18:13:53 IST" skipped="0">
  <testcase classname="web.automation.tests.LoginPageTests" name="loginUserWithValidCredentials" time="5.139"/>
</testsuite> <!-- web.automation.tests.LoginPageTests -->
