<?xml version="1.0" encoding="UTF-8"?>
<!-- Generated by org.testng.reporters.JUnitReportReporter -->
<testsuite hostname="DESKTOP-SI05A67" failures="0" tests="1" name="web.automation.tests.LoginTests" time="4.775" errors="0" timestamp="2025-07-16T19:23:28 IST" skipped="0">
  <testcase classname="web.automation.tests.LoginTests" name="testingMethod" time="4.775"/>
</testsuite> <!-- web.automation.tests.LoginTests -->
