<?xml version="1.0" encoding="UTF-8"?>
<!-- Generated by org.testng.reporters.JUnitReportReporter -->
<testsuite hostname="DESKTOP-SI05A67" failures="0" tests="1" name="web.automation.tests.ShoppingCartTests" time="3.703" errors="0" timestamp="2025-08-09T20:18:23 IST" skipped="0">
  <testcase classname="web.automation.tests.ShoppingCartTests" name="verifyNavigatingToShoppingCartPageUsingTheViewCartOptionInTheCartblock" time="3.703"/>
</testsuite> <!-- web.automation.tests.ShoppingCartTests -->
