<?xml version="1.0" encoding="UTF-8"?>
<!-- Generated by org.testng.reporters.JUnitReportReporter -->
<testsuite hostname="DESKTOP-SI05A67" failures="0" tests="2" name="web.automation.tests.LoginPageTests" time="10.981" errors="0" timestamp="2025-07-28T20:46:21 IST" skipped="0">
  <testcase classname="web.automation.tests.LoginPageTests" name="loginUserWithValidCredentials" time="5.268"/>
  <testcase classname="web.automation.tests.LoginPageTests" name="loginUserWithValidCredentials" time="5.713"/>
</testsuite> <!-- web.automation.tests.LoginPageTests -->
