<?xml version="1.0" encoding="UTF-8"?>
<!-- Generated by org.testng.reporters.JUnitReportReporter -->
<testsuite hostname="DESKTOP-SI05A67" failures="0" tests="13" name="web.automation.tests.WishListTests" time="97.565" errors="0" timestamp="2025-08-26T20:56:56 IST" skipped="2">
  <testcase classname="web.automation.tests.WishListTests" name="verifyAddingAProductToWishListPageFromTheProductThatIsDisplayedInTheRelatedProductsSectionOfProductDisplayPage" time="9.601"/>
  <testcase classname="web.automation.tests.WishListTests" name="VerifyAddingAProductToWishListPageFromTheProductThatIsDisplayedInTheFeaturedSectionOfHomePage" time="8.891"/>
  <testcase classname="web.automation.tests.WishListTests" name="VerifyAddingTheProductToWishListFromTheProductsDisplayedInTheCategoryOrSubCategoryPage" time="9.253"/>
  <testcase classname="web.automation.tests.WishListTests" name="verifyAddingAProductToWishListPageFromTheSearchResultsPage" time="8.604"/>
  <testcase classname="web.automation.tests.WishListTests" name="verifyNavigatingToMyWishListPageUsingTheWishListHeaderOption" time="8.797"/>
  <testcase classname="web.automation.tests.WishListTests" name="verifyNavigatingToMyWishListPageFromTheFooteroptions" time="8.715"/>
  <testcase classname="web.automation.tests.WishListTests" name="verifyTheMyWishListPageWhenThereAreNoProductsAdded" time="3.390"/>
  <testcase classname="web.automation.tests.WishListTests" name="verifyTheMyWishListPageWhenOnlyOneProductIsAddedToIt" time="9.055"/>
  <testcase classname="web.automation.tests.WishListTests" name="verifyTheRemovingTheProductFromMyWishListPage" time="8.994"/>
  <testcase classname="web.automation.tests.WishListTests" name="verifyAddingTheProductToCartFromTheMyWishListPage" time="8.954"/>
  <testcase classname="web.automation.tests.WishListTests" name="verifyAddingTheMultipleProductsToTheMyWishListPage" time="13.311"/>
  <testcase classname="web.automation.tests.WishListTests" name="verifyNavigatingToMyWishListPageFromTheMyAccountPage">
    <skipped/>
  </testcase> <!-- verifyNavigatingToMyWishListPageFromTheMyAccountPage -->
  <testcase classname="web.automation.tests.WishListTests" name="verifyNavigatingToMyWishListPageUsingTheRightColumnHeaderOptions">
    <skipped/>
  </testcase> <!-- verifyNavigatingToMyWishListPageUsingTheRightColumnHeaderOptions -->
</testsuite> <!-- web.automation.tests.WishListTests -->
