<?xml version="1.0" encoding="UTF-8"?>
<!-- Generated by org.testng.reporters.JUnitReportReporter -->
<<<<<<< HEAD
<testsuite hostname="DESKTOP-SI05A67" failures="0" tests="2" name="web.automation.tests.LoginPageTests" time="8.863" errors="0" timestamp="2025-07-31T10:43:37 IST" skipped="0">
  <testcase classname="web.automation.tests.LoginPageTests" name="loginUserWithValidCredentials" time="3.745"/>
  <testcase classname="web.automation.tests.LoginPageTests" name="loginUserWithValidCredentials" time="5.118"/>
=======
<testsuite hostname="DESKTOP-SI05A67" failures="0" tests="2" name="web.automation.tests.LoginPageTests" time="72.113" errors="0" timestamp="2025-07-30T22:23:05 IST" skipped="0">
  <testcase classname="web.automation.tests.LoginPageTests" name="loginUserWithValidCredentials" time="55.592"/>
  <testcase classname="web.automation.tests.LoginPageTests" name="loginUserWithValidCredentials" time="16.521"/>
>>>>>>> bf620bc4214df0b9eacfffd72db7eae19ed3bf03
</testsuite> <!-- web.automation.tests.LoginPageTests -->
