<?xml version="1.0" encoding="UTF-8"?>
<!-- Generated by org.testng.reporters.JUnitReportReporter -->
<testsuite hostname="DESKTOP-SI05A67" failures="0" tests="2" name="web.automation.tests.LoginPageTests" time="13.477" errors="0" timestamp="2025-08-09T19:34:20 IST" skipped="0">
  <testcase classname="web.automation.tests.LoginPageTests" name="loginUserWithValidCredentials" time="5.604"/>
  <testcase classname="web.automation.tests.LoginPageTests" name="loginUserWithValidCredentials" time="7.873"/>
</testsuite> <!-- web.automation.tests.LoginPageTests -->
